<?xml version="1.0" encoding="UTF-8"?>
<testsuite xmlns:xsi="http://www.w3.org/2001/XMLSchema-instance" xsi:noNamespaceSchemaLocation="https://maven.apache.org/surefire/maven-surefire-plugin/xsd/surefire-test-report.xsd" name="org.example.runner.WebFormRunnerTests" time="11.124" tests="3" errors="0" skipped="0" failures="0">
  <properties>
[...]
</properties>
  <testcase name="The submitted Web form page navigates successfully to the Web form - target page" classname="WebForm" time="3.599"/>
  <testcase name="The Return to index link navigates to the Index page where the Web form page can be revisited" classname="WebForm" time="3.178"/>
  <testcase name="All submitted web-form page values are set and assigned to target page url parameters correctly" classname="WebForm" time="3.547"/>
</testsuite>